Using pre-set license
Built from '2020.3/release' branch; Version is '2020.3.2f1 (8fd9074bf66c) revision 9427207'; Using compiler version '192528614'; Build Type 'Release'
OS: 'Windows 10 Home Single Language; OS build 19043.1023; Version 2009; 64bit' Language: 'en' Physical Memory: 16238 MB
BatchMode: 1, IsHumanControllingUs: 0, StartBugReporterOnCrash: 0, Is64bit: 1, IsPro: 0

 COMMAND LINE ARGUMENTS:
C:\Program Files\Unity\Hub\Editor\2020.3.2f1\Editor\Unity.exe
-adb2
-batchMode
-noUpm
-name
AssetImportWorker0
-projectPath
C:/Users/milok/New Unity Project (1)
-logFile
Logs/AssetImportWorker0.log
-srvPort
50643
Successfully changed project path to: C:/Users/milok/New Unity Project (1)
C:/Users/milok/New Unity Project (1)
Using Asset Import Pipeline V2.
Refreshing native plugins compatible for Editor in 43.44 ms, found 4 plugins.
Preloading 0 native plugins for Editor in 0.00 ms.
Initialize engine version: 2020.3.2f1 (8fd9074bf66c)
[Subsystems] Discovering subsystems at path C:/Program Files/Unity/Hub/Editor/2020.3.2f1/Editor/Data/Resources/UnitySubsystems
[Subsystems] Discovering subsystems at path C:/Users/milok/New Unity Project (1)/Assets
GfxDevice: creating device client; threaded=0
Direct3D:
    Version:  Direct3D 11.0 [level 11.1]
    Renderer: NVIDIA GeForce GTX 1050 (ID=0x1c8d)
    Vendor:   
    VRAM:     4021 MB
    Driver:   27.21.14.6663
Initialize mono
Mono path[0] = 'C:/Program Files/Unity/Hub/Editor/2020.3.2f1/Editor/Data/Managed'
Mono path[1] = 'C:/Program Files/Unity/Hub/Editor/2020.3.2f1/Editor/Data/MonoBleedingEdge/lib/mono/unityjit'
Mono config path = 'C:/Program Files/Unity/Hub/Editor/2020.3.2f1/Editor/Data/MonoBleedingEdge/etc'
Using monoOptions --debugger-agent=transport=dt_socket,embedding=1,server=y,suspend=n,address=127.0.0.1:56176
Begin MonoManager ReloadAssembly
Registering precompiled unity dll's ...
Register platform support module: C:/Program Files/Unity/Hub/Editor/2020.3.2f1/Editor/Data/PlaybackEngines/WindowsStandaloneSupport/UnityEditor.WindowsStandalone.Extensions.dll
Registered in 0.001861 seconds.
Native extension for WindowsStandalone target not found
Refreshing native plugins compatible for Editor in 38.65 ms, found 4 plugins.
Preloading 0 native plugins for Editor in 0.00 ms.
Invoked RoslynAnalysisRunner static constructor.
RoslynAnalysisRunner will not be running.
RoslynAnalysisRunner has terminated.
Mono: successfully reloaded assembly
- Completed reload, in  1.013 seconds
Platform modules already initialized, skipping
Registering precompiled user dll's ...
Registered in 0.001576 seconds.
Begin MonoManager ReloadAssembly
Native extension for WindowsStandalone target not found
Refreshing native plugins compatible for Editor in 39.32 ms, found 4 plugins.
Preloading 0 native plugins for Editor in 0.00 ms.
Invoked RoslynAnalysisRunner static constructor.
RoslynAnalysisRunner will not be running.
RoslynAnalysisRunner has terminated.
Mono: successfully reloaded assembly
- Completed reload, in  0.859 seconds
Platform modules already initialized, skipping
========================================================================
Worker process is ready to serve import requests
Launched and connected shader compiler UnityShaderCompiler.exe after 0.04 seconds
Refreshing native plugins compatible for Editor in 0.48 ms, found 4 plugins.
Preloading 0 native plugins for Editor in 0.00 ms.
Unloading 2050 Unused Serialized files (Serialized files now loaded: 0)
System memory in use before: 92.8 MB.
System memory in use after: 92.9 MB.

Unloading 38 unused Assets to reduce memory usage. Loaded Objects now: 2482.
Total: 1.963600 ms (FindLiveObjects: 0.219600 ms CreateObjectMapping: 0.084500 ms MarkObjects: 1.631700 ms  DeleteObjects: 0.027100 ms)

========================================================================
Received Import Request.
  path: Assets/Scenes/maze
  artifactKey: Guid(7b7b9f4e4f17866498c38a15ad5b06ed) Importer(815301076,1909f56bfc062723c751e8b465ee728b)
Start importing Assets/Scenes/maze using Guid(7b7b9f4e4f17866498c38a15ad5b06ed) Importer(815301076,1909f56bfc062723c751e8b465ee728b)  -> (artifact id: '832f65bcc6ceabb7d4f6e69abdc95bde') in 0.003776 seconds
  Import took 0.006629 seconds .

========================================================================
Received Prepare
Registering precompiled user dll's ...
Registered in 0.001679 seconds.
Begin MonoManager ReloadAssembly
Native extension for WindowsStandalone target not found
Refreshing native plugins compatible for Editor in 0.51 ms, found 4 plugins.
Preloading 0 native plugins for Editor in 0.00 ms.
Invoked RoslynAnalysisRunner static constructor.
RoslynAnalysisRunner will not be running.
RoslynAnalysisRunner has terminated.
Mono: successfully reloaded assembly
- Completed reload, in  0.780 seconds
Platform modules already initialized, skipping
Shader 'TextMeshPro/Distance Field Overlay': fallback shader 'TextMeshPro/Mobile/Distance Field' not found
Shader 'TextMeshPro/Distance Field SSD': fallback shader 'TextMeshPro/Mobile/Distance Field' not found
Shader 'TextMeshPro/Distance Field': fallback shader 'TextMeshPro/Mobile/Distance Field' not found
Refreshing native plugins compatible for Editor in 0.52 ms, found 4 plugins.
Preloading 0 native plugins for Editor in 0.00 ms.
Unloading 2083 Unused Serialized files (Serialized files now loaded: 0)
System memory in use before: 94.8 MB.
System memory in use after: 94.3 MB.

Unloading 40 unused Assets to reduce memory usage. Loaded Objects now: 2522.
Total: 2.492700 ms (FindLiveObjects: 0.262800 ms CreateObjectMapping: 0.085800 ms MarkObjects: 1.811600 ms  DeleteObjects: 0.331500 ms)

========================================================================
Received Import Request.
  Time since last request: 21.001743 seconds.
  path: Assets/Scenes/BG.png
  artifactKey: Guid(44b41143a357c9a46b65bcfde23f1b88) Importer(815301076,1909f56bfc062723c751e8b465ee728b)
Start importing Assets/Scenes/BG.png using Guid(44b41143a357c9a46b65bcfde23f1b88) Importer(815301076,1909f56bfc062723c751e8b465ee728b)  -> (artifact id: '253c09466b42050f517ae40d7f815ec2') in 0.115293 seconds
  Import took 0.119062 seconds .

========================================================================
Received Import Request.
  Time since last request: 1.991396 seconds.
  path: Assets/Scenes/SampleScene.unity
  artifactKey: Guid(9fc0d4010bbf28b4594072e72b8655ab) Importer(815301076,1909f56bfc062723c751e8b465ee728b)
Start importing Assets/Scenes/SampleScene.unity using Guid(9fc0d4010bbf28b4594072e72b8655ab) Importer(815301076,1909f56bfc062723c751e8b465ee728b)  -> (artifact id: 'c3eee0789fa8e46153df759c8cce9ed8') in 0.002560 seconds
  Import took 0.006199 seconds .

========================================================================
Received Prepare
Registering precompiled user dll's ...
Registered in 0.001532 seconds.
Begin MonoManager ReloadAssembly
Native extension for WindowsStandalone target not found
Refreshing native plugins compatible for Editor in 0.51 ms, found 4 plugins.
Preloading 0 native plugins for Editor in 0.00 ms.
Invoked RoslynAnalysisRunner static constructor.
RoslynAnalysisRunner will not be running.
RoslynAnalysisRunner has terminated.
Mono: successfully reloaded assembly
- Completed reload, in  0.799 seconds
Platform modules already initialized, skipping
Refreshing native plugins compatible for Editor in 0.55 ms, found 4 plugins.
Preloading 0 native plugins for Editor in 0.00 ms.
Unloading 2084 Unused Serialized files (Serialized files now loaded: 0)
System memory in use before: 97.8 MB.
System memory in use after: 97.3 MB.

Unloading 40 unused Assets to reduce memory usage. Loaded Objects now: 2533.
Total: 2.446400 ms (FindLiveObjects: 0.179200 ms CreateObjectMapping: 0.072900 ms MarkObjects: 1.922200 ms  DeleteObjects: 0.271300 ms)

========================================================================
Received Import Request.
  Time since last request: 1073.693913 seconds.
  path: Assets/BG.png
  artifactKey: Guid(5783698ea7dd4ac45a60ffb34362e9d2) Importer(815301076,1909f56bfc062723c751e8b465ee728b)
Start importing Assets/BG.png using Guid(5783698ea7dd4ac45a60ffb34362e9d2) Importer(815301076,1909f56bfc062723c751e8b465ee728b)  -> (artifact id: '09d36d8159a20e75fc1490042d5cb8f4') in 0.046495 seconds
  Import took 0.049940 seconds .

========================================================================
Received Import Request.
  Time since last request: 0.000285 seconds.
  path: Assets/New TMP Color Gradient.asset
  artifactKey: Guid(fcccf24d385bd5b4ab213c884f4501b7) Importer(815301076,1909f56bfc062723c751e8b465ee728b)
Start importing Assets/New TMP Color Gradient.asset using Guid(fcccf24d385bd5b4ab213c884f4501b7) Importer(815301076,1909f56bfc062723c751e8b465ee728b)  -> (artifact id: '4a4927765450ad2a32b687703a2c60c5') in 0.006437 seconds
  Import took 0.009807 seconds .

========================================================================
Received Import Request.
  Time since last request: 0.000285 seconds.
  path: Assets/PlayerMat.mat
  artifactKey: Guid(d999c68c674b1e14ba829ba22d399e67) Importer(815301076,1909f56bfc062723c751e8b465ee728b)
Start importing Assets/PlayerMat.mat using Guid(d999c68c674b1e14ba829ba22d399e67) Importer(815301076,1909f56bfc062723c751e8b465ee728b)  -> (artifact id: '503e60ff0f319805b43bbadd64619e6e') in 0.046432 seconds
  Import took 0.051064 seconds .

========================================================================
Received Import Request.
  Time since last request: 0.000286 seconds.
  path: Assets/InnerWallsMat.mat
  artifactKey: Guid(558e940fa91bc9341b540729c324d7b4) Importer(815301076,1909f56bfc062723c751e8b465ee728b)
Start importing Assets/InnerWallsMat.mat using Guid(558e940fa91bc9341b540729c324d7b4) Importer(815301076,1909f56bfc062723c751e8b465ee728b)  -> (artifact id: '53384cdb811aad5c0f9e02dbc29e77e4') in 0.009234 seconds
  Import took 0.012768 seconds .

========================================================================
Received Import Request.
  Time since last request: 1.090011 seconds.
  path: Assets/GoToGP.cs
  artifactKey: Guid(dedcd416d4d9d2c499f36d9b96c64047) Importer(815301076,1909f56bfc062723c751e8b465ee728b)
Start importing Assets/GoToGP.cs using Guid(dedcd416d4d9d2c499f36d9b96c64047) Importer(815301076,1909f56bfc062723c751e8b465ee728b)  -> (artifact id: '07652fc8b16381e70359d5b028ad2c54') in 0.005979 seconds
  Import took 0.009294 seconds .

========================================================================
Received Prepare
Registering precompiled user dll's ...
Registered in 0.001571 seconds.
Begin MonoManager ReloadAssembly
Native extension for WindowsStandalone target not found
Refreshing native plugins compatible for Editor in 0.55 ms, found 4 plugins.
Preloading 0 native plugins for Editor in 0.00 ms.
Invoked RoslynAnalysisRunner static constructor.
RoslynAnalysisRunner will not be running.
RoslynAnalysisRunner has terminated.
Mono: successfully reloaded assembly
- Completed reload, in  0.815 seconds
Platform modules already initialized, skipping
Refreshing native plugins compatible for Editor in 0.54 ms, found 4 plugins.
Preloading 0 native plugins for Editor in 0.00 ms.
Unloading 2083 Unused Serialized files (Serialized files now loaded: 0)
System memory in use before: 98.1 MB.
System memory in use after: 97.5 MB.

Unloading 41 unused Assets to reduce memory usage. Loaded Objects now: 2574.
Total: 2.292300 ms (FindLiveObjects: 0.198800 ms CreateObjectMapping: 0.070200 ms MarkObjects: 1.743400 ms  DeleteObjects: 0.278400 ms)

========================================================================
Received Prepare
Registering precompiled user dll's ...
Registered in 0.001631 seconds.
Begin MonoManager ReloadAssembly
Native extension for WindowsStandalone target not found
Refreshing native plugins compatible for Editor in 0.52 ms, found 4 plugins.
Preloading 0 native plugins for Editor in 0.00 ms.
Invoked RoslynAnalysisRunner static constructor.
RoslynAnalysisRunner will not be running.
RoslynAnalysisRunner has terminated.
Mono: successfully reloaded assembly
- Completed reload, in  0.800 seconds
Platform modules already initialized, skipping
Refreshing native plugins compatible for Editor in 0.54 ms, found 4 plugins.
Preloading 0 native plugins for Editor in 0.00 ms.
Unloading 2083 Unused Serialized files (Serialized files now loaded: 0)
System memory in use before: 98.1 MB.
System memory in use after: 97.6 MB.

Unloading 40 unused Assets to reduce memory usage. Loaded Objects now: 2578.
Total: 2.696000 ms (FindLiveObjects: 0.240700 ms CreateObjectMapping: 0.086600 ms MarkObjects: 2.054100 ms  DeleteObjects: 0.313500 ms)

========================================================================
Received Import Request.
  Time since last request: 243.990677 seconds.
  path: Assets
  artifactKey: Guid(00000000000000001000000000000000) Importer(815301076,1909f56bfc062723c751e8b465ee728b)
Start importing Assets using Guid(00000000000000001000000000000000) Importer(815301076,1909f56bfc062723c751e8b465ee728b)  -> (artifact id: '819a33a9bd799f71faca6db75e8a216c') in 0.003572 seconds
  Import took 0.006769 seconds .

========================================================================
Received Import Request.
  Time since last request: 0.007484 seconds.
  path: Assets
  artifactKey: Guid(00000000000000001000000000000000) Importer(815301076,1909f56bfc062723c751e8b465ee728b)
Start importing Assets using Guid(00000000000000001000000000000000) Importer(815301076,1909f56bfc062723c751e8b465ee728b)  -> (artifact id: '819a33a9bd799f71faca6db75e8a216c') in 0.002212 seconds
  Import took 0.007296 seconds .

========================================================================
Received Import Request.
  Time since last request: 11.499619 seconds.
  path: Assets/ChangeScene.cs
  artifactKey: Guid(f2c6f278e005d4345b3a11bd7d9bfea3) Importer(815301076,1909f56bfc062723c751e8b465ee728b)
Start importing Assets/ChangeScene.cs using Guid(f2c6f278e005d4345b3a11bd7d9bfea3) Importer(815301076,1909f56bfc062723c751e8b465ee728b)  -> (artifact id: '4dca110abe53816b5dc883d328b60b94') in 0.001971 seconds
  Import took 0.005270 seconds .

========================================================================
Received Prepare
Registering precompiled user dll's ...
Registered in 0.002236 seconds.
Begin MonoManager ReloadAssembly
Native extension for WindowsStandalone target not found
Refreshing native plugins compatible for Editor in 0.62 ms, found 4 plugins.
Preloading 0 native plugins for Editor in 0.00 ms.
Invoked RoslynAnalysisRunner static constructor.
RoslynAnalysisRunner will not be running.
RoslynAnalysisRunner has terminated.
Mono: successfully reloaded assembly
- Completed reload, in  0.800 seconds
Platform modules already initialized, skipping
Refreshing native plugins compatible for Editor in 0.56 ms, found 4 plugins.
Preloading 0 native plugins for Editor in 0.00 ms.
Unloading 2084 Unused Serialized files (Serialized files now loaded: 0)
System memory in use before: 98.1 MB.
System memory in use after: 97.6 MB.

Unloading 40 unused Assets to reduce memory usage. Loaded Objects now: 2583.
Total: 3.180400 ms (FindLiveObjects: 0.230800 ms CreateObjectMapping: 0.092200 ms MarkObjects: 2.538600 ms  DeleteObjects: 0.317600 ms)

========================================================================
Received Import Request.
  Time since last request: 57.982428 seconds.
  path: Assets/ChangeScene.cs
  artifactKey: Guid(f2c6f278e005d4345b3a11bd7d9bfea3) Importer(815301076,1909f56bfc062723c751e8b465ee728b)
Start importing Assets/ChangeScene.cs using Guid(f2c6f278e005d4345b3a11bd7d9bfea3) Importer(815301076,1909f56bfc062723c751e8b465ee728b)  -> (artifact id: '001031fa1258e24a5e08904fd37dc03a') in 0.006377 seconds
  Import took 0.009912 seconds .

========================================================================
Received Prepare
Registering precompiled user dll's ...
Registered in 0.001621 seconds.
Begin MonoManager ReloadAssembly
Native extension for WindowsStandalone target not found
Refreshing native plugins compatible for Editor in 0.51 ms, found 4 plugins.
Preloading 0 native plugins for Editor in 0.00 ms.
Invoked RoslynAnalysisRunner static constructor.
RoslynAnalysisRunner will not be running.
RoslynAnalysisRunner has terminated.
Mono: successfully reloaded assembly
- Completed reload, in  0.815 seconds
Platform modules already initialized, skipping
Refreshing native plugins compatible for Editor in 0.52 ms, found 4 plugins.
Preloading 0 native plugins for Editor in 0.00 ms.
Unloading 2084 Unused Serialized files (Serialized files now loaded: 0)
System memory in use before: 98.1 MB.
System memory in use after: 97.6 MB.

Unloading 40 unused Assets to reduce memory usage. Loaded Objects now: 2587.
Total: 2.540500 ms (FindLiveObjects: 0.213400 ms CreateObjectMapping: 0.063700 ms MarkObjects: 1.957000 ms  DeleteObjects: 0.305500 ms)

========================================================================
Received Import Request.
  Time since last request: 93.855718 seconds.
  path: Assets/ChangeScene.cs
  artifactKey: Guid(f2c6f278e005d4345b3a11bd7d9bfea3) Importer(815301076,1909f56bfc062723c751e8b465ee728b)
Start importing Assets/ChangeScene.cs using Guid(f2c6f278e005d4345b3a11bd7d9bfea3) Importer(815301076,1909f56bfc062723c751e8b465ee728b)  -> (artifact id: 'f4eff12c7a6d61d0ec6de37b9d606f4d') in 0.003653 seconds
  Import took 0.006507 seconds .

========================================================================
Received Import Request.
  Time since last request: 127.232034 seconds.
  path: Assets/ChangeScene.cs
  artifactKey: Guid(f2c6f278e005d4345b3a11bd7d9bfea3) Importer(815301076,1909f56bfc062723c751e8b465ee728b)
Start importing Assets/ChangeScene.cs using Guid(f2c6f278e005d4345b3a11bd7d9bfea3) Importer(815301076,1909f56bfc062723c751e8b465ee728b)  -> (artifact id: '47b4f705cb2cad7134efbc4cd3694b0c') in 0.002087 seconds
  Import took 0.005702 seconds .

========================================================================
Received Import Request.
  Time since last request: 0.026611 seconds.
  path: Assets/ChangeScene.cs
  artifactKey: Guid(f2c6f278e005d4345b3a11bd7d9bfea3) Importer(815301076,1909f56bfc062723c751e8b465ee728b)
Start importing Assets/ChangeScene.cs using Guid(f2c6f278e005d4345b3a11bd7d9bfea3) Importer(815301076,1909f56bfc062723c751e8b465ee728b)  -> (artifact id: '47b4f705cb2cad7134efbc4cd3694b0c') in 0.001578 seconds
  Import took 0.005809 seconds .

========================================================================
Received Prepare
Registering precompiled user dll's ...
Registered in 0.001585 seconds.
Begin MonoManager ReloadAssembly
Native extension for WindowsStandalone target not found
Refreshing native plugins compatible for Editor in 0.51 ms, found 4 plugins.
Preloading 0 native plugins for Editor in 0.00 ms.
Invoked RoslynAnalysisRunner static constructor.
RoslynAnalysisRunner will not be running.
RoslynAnalysisRunner has terminated.
Mono: successfully reloaded assembly
- Completed reload, in  0.773 seconds
Platform modules already initialized, skipping
Refreshing native plugins compatible for Editor in 0.52 ms, found 4 plugins.
Preloading 0 native plugins for Editor in 0.00 ms.
Unloading 2084 Unused Serialized files (Serialized files now loaded: 0)
System memory in use before: 98.1 MB.
System memory in use after: 97.6 MB.

Unloading 40 unused Assets to reduce memory usage. Loaded Objects now: 2591.
Total: 2.190200 ms (FindLiveObjects: 0.208400 ms CreateObjectMapping: 0.075000 ms MarkObjects: 1.584300 ms  DeleteObjects: 0.321900 ms)

========================================================================
Received Prepare
Registering precompiled user dll's ...
Registered in 0.002638 seconds.
Begin MonoManager ReloadAssembly
Native extension for WindowsStandalone target not found
Refreshing native plugins compatible for Editor in 0.51 ms, found 4 plugins.
Preloading 0 native plugins for Editor in 0.00 ms.
Invoked RoslynAnalysisRunner static constructor.
RoslynAnalysisRunner will not be running.
RoslynAnalysisRunner has terminated.
Mono: successfully reloaded assembly
- Completed reload, in  0.766 seconds
Platform modules already initialized, skipping
Refreshing native plugins compatible for Editor in 0.52 ms, found 4 plugins.
Preloading 0 native plugins for Editor in 0.00 ms.
Unloading 2084 Unused Serialized files (Serialized files now loaded: 0)
System memory in use before: 98.2 MB.
System memory in use after: 97.6 MB.

Unloading 40 unused Assets to reduce memory usage. Loaded Objects now: 2595.
Total: 2.863800 ms (FindLiveObjects: 0.314100 ms CreateObjectMapping: 0.077200 ms MarkObjects: 2.125200 ms  DeleteObjects: 0.346300 ms)

========================================================================
Received Prepare
Registering precompiled user dll's ...
Registered in 0.001653 seconds.
Begin MonoManager ReloadAssembly
Native extension for WindowsStandalone target not found
Refreshing native plugins compatible for Editor in 0.61 ms, found 4 plugins.
Preloading 0 native plugins for Editor in 0.00 ms.
Invoked RoslynAnalysisRunner static constructor.
RoslynAnalysisRunner will not be running.
RoslynAnalysisRunner has terminated.
Mono: successfully reloaded assembly
- Completed reload, in  0.779 seconds
Platform modules already initialized, skipping
Refreshing native plugins compatible for Editor in 0.53 ms, found 4 plugins.
Preloading 0 native plugins for Editor in 0.00 ms.
Unloading 2084 Unused Serialized files (Serialized files now loaded: 0)
System memory in use before: 98.2 MB.
System memory in use after: 97.6 MB.

Unloading 40 unused Assets to reduce memory usage. Loaded Objects now: 2599.
Total: 2.644500 ms (FindLiveObjects: 0.286800 ms CreateObjectMapping: 0.090900 ms MarkObjects: 1.946200 ms  DeleteObjects: 0.319400 ms)

========================================================================
Received Import Request.
  Time since last request: 287.417774 seconds.
  path: Assets/Scenes/UI/GamePlay
  artifactKey: Guid(92aa91915aa0c4a4d903cfc50ed98d36) Importer(815301076,1909f56bfc062723c751e8b465ee728b)
Start importing Assets/Scenes/UI/GamePlay using Guid(92aa91915aa0c4a4d903cfc50ed98d36) Importer(815301076,1909f56bfc062723c751e8b465ee728b)  -> (artifact id: 'e1971c9ecc30273b40dbd25dd6beb5d2') in 0.007255 seconds
  Import took 0.010829 seconds .

========================================================================
Received Import Request.
  Time since last request: 92.088097 seconds.
  path: Assets/Scenes/New Scene.unity
  artifactKey: Guid(194b22a862aaccb4e97008facda22570) Importer(815301076,1909f56bfc062723c751e8b465ee728b)
Start importing Assets/Scenes/New Scene.unity using Guid(194b22a862aaccb4e97008facda22570) Importer(815301076,1909f56bfc062723c751e8b465ee728b)  -> (artifact id: '891eaa56e8e2263727f86771c485607d') in 0.009383 seconds
  Import took 0.012906 seconds .

========================================================================
Received Prepare
Registering precompiled user dll's ...
Registered in 0.001582 seconds.
Begin MonoManager ReloadAssembly
Native extension for WindowsStandalone target not found
Refreshing native plugins compatible for Editor in 0.55 ms, found 4 plugins.
Preloading 0 native plugins for Editor in 0.00 ms.
Invoked RoslynAnalysisRunner static constructor.
RoslynAnalysisRunner will not be running.
RoslynAnalysisRunner has terminated.
Mono: successfully reloaded assembly
- Completed reload, in  0.793 seconds
Platform modules already initialized, skipping
Refreshing native plugins compatible for Editor in 0.54 ms, found 4 plugins.
Preloading 0 native plugins for Editor in 0.00 ms.
Unloading 2084 Unused Serialized files (Serialized files now loaded: 0)
System memory in use before: 98.2 MB.
System memory in use after: 97.6 MB.

Unloading 40 unused Assets to reduce memory usage. Loaded Objects now: 2603.
Total: 2.290900 ms (FindLiveObjects: 0.205700 ms CreateObjectMapping: 0.067700 ms MarkObjects: 1.715600 ms  DeleteObjects: 0.301000 ms)

========================================================================
Received Import Request.
  Time since last request: 49.176957 seconds.
  path: Assets/Scenes/SampleScene.unity
  artifactKey: Guid(9fc0d4010bbf28b4594072e72b8655ab) Importer(815301076,1909f56bfc062723c751e8b465ee728b)
Start importing Assets/Scenes/SampleScene.unity using Guid(9fc0d4010bbf28b4594072e72b8655ab) Importer(815301076,1909f56bfc062723c751e8b465ee728b)  -> (artifact id: 'cadc8b1f1507578ce1df9e837594410e') in 0.012305 seconds
  Import took 0.015566 seconds .

========================================================================
Received Import Request.
  Time since last request: 0.000487 seconds.
  path: Assets/Scenes/SampleScene.unity
  artifactKey: Guid(9fc0d4010bbf28b4594072e72b8655ab) Importer(815301076,1909f56bfc062723c751e8b465ee728b)
Start importing Assets/Scenes/SampleScene.unity using Guid(9fc0d4010bbf28b4594072e72b8655ab) Importer(815301076,1909f56bfc062723c751e8b465ee728b)  -> (artifact id: 'cadc8b1f1507578ce1df9e837594410e') in 0.002199 seconds
  Import took 0.005865 seconds .

========================================================================
Received Prepare
Registering precompiled user dll's ...
Registered in 0.001537 seconds.
Begin MonoManager ReloadAssembly
Native extension for WindowsStandalone target not found
Refreshing native plugins compatible for Editor in 0.58 ms, found 4 plugins.
Preloading 0 native plugins for Editor in 0.00 ms.
Invoked RoslynAnalysisRunner static constructor.
RoslynAnalysisRunner will not be running.
RoslynAnalysisRunner has terminated.
Mono: successfully reloaded assembly
- Completed reload, in  0.790 seconds
Platform modules already initialized, skipping
Refreshing native plugins compatible for Editor in 0.51 ms, found 4 plugins.
Preloading 0 native plugins for Editor in 0.00 ms.
Unloading 2084 Unused Serialized files (Serialized files now loaded: 0)
System memory in use before: 98.2 MB.
System memory in use after: 97.7 MB.

Unloading 40 unused Assets to reduce memory usage. Loaded Objects now: 2607.
Total: 2.392800 ms (FindLiveObjects: 0.220800 ms CreateObjectMapping: 0.076300 ms MarkObjects: 1.788600 ms  DeleteObjects: 0.306000 ms)

========================================================================
Received Import Request.
  Time since last request: 92.729259 seconds.
  path: Assets/Scenes/SampleScene.unity
  artifactKey: Guid(9fc0d4010bbf28b4594072e72b8655ab) Importer(815301076,1909f56bfc062723c751e8b465ee728b)
Start importing Assets/Scenes/SampleScene.unity using Guid(9fc0d4010bbf28b4594072e72b8655ab) Importer(815301076,1909f56bfc062723c751e8b465ee728b)  -> (artifact id: 'aa3507113cd32ab6493564a434969e78') in 0.012774 seconds
  Import took 0.016004 seconds .

========================================================================
Received Import Request.
  Time since last request: 15.956013 seconds.
  path: Assets/Scenes/New Scene.unity
  artifactKey: Guid(194b22a862aaccb4e97008facda22570) Importer(815301076,1909f56bfc062723c751e8b465ee728b)
Start importing Assets/Scenes/New Scene.unity using Guid(194b22a862aaccb4e97008facda22570) Importer(815301076,1909f56bfc062723c751e8b465ee728b)  -> (artifact id: 'd69e77736bcb8c6eac333c41cab83f67') in 0.001667 seconds
  Import took 0.006177 seconds .

========================================================================
Received Prepare
Registering precompiled user dll's ...
Registered in 0.001540 seconds.
Begin MonoManager ReloadAssembly
Native extension for WindowsStandalone target not found
Refreshing native plugins compatible for Editor in 0.53 ms, found 4 plugins.
Preloading 0 native plugins for Editor in 0.00 ms.
Invoked RoslynAnalysisRunner static constructor.
RoslynAnalysisRunner will not be running.
RoslynAnalysisRunner has terminated.
Mono: successfully reloaded assembly
- Completed reload, in  0.775 seconds
Platform modules already initialized, skipping
Refreshing native plugins compatible for Editor in 0.53 ms, found 4 plugins.
Preloading 0 native plugins for Editor in 0.00 ms.
Unloading 2084 Unused Serialized files (Serialized files now loaded: 0)
System memory in use before: 98.2 MB.
System memory in use after: 97.7 MB.

Unloading 40 unused Assets to reduce memory usage. Loaded Objects now: 2611.
Total: 2.197500 ms (FindLiveObjects: 0.189200 ms CreateObjectMapping: 0.075700 ms MarkObjects: 1.619800 ms  DeleteObjects: 0.311800 ms)

========================================================================
Received Import Request.
  Time since last request: 71.113313 seconds.
  path: Assets/Scenes/New Scene.unity
  artifactKey: Guid(194b22a862aaccb4e97008facda22570) Importer(815301076,1909f56bfc062723c751e8b465ee728b)
Start importing Assets/Scenes/New Scene.unity using Guid(194b22a862aaccb4e97008facda22570) Importer(815301076,1909f56bfc062723c751e8b465ee728b)  -> (artifact id: '780e517cc289dd229be388304009652e') in 0.014168 seconds
  Import took 0.017493 seconds .

========================================================================
Received Import Request.
  Time since last request: 5.586664 seconds.
  path: Assets/Scenes/SampleScene.unity
  artifactKey: Guid(9fc0d4010bbf28b4594072e72b8655ab) Importer(815301076,1909f56bfc062723c751e8b465ee728b)
Start importing Assets/Scenes/SampleScene.unity using Guid(9fc0d4010bbf28b4594072e72b8655ab) Importer(815301076,1909f56bfc062723c751e8b465ee728b)  -> (artifact id: 'e43db10b602a8b37dae9974c32014b5a') in 0.002276 seconds
  Import took 0.006399 seconds .

========================================================================
Received Prepare
Registering precompiled user dll's ...
Registered in 0.002067 seconds.
Begin MonoManager ReloadAssembly
Native extension for WindowsStandalone target not found
Refreshing native plugins compatible for Editor in 0.51 ms, found 4 plugins.
Preloading 0 native plugins for Editor in 0.00 ms.
Invoked RoslynAnalysisRunner static constructor.
RoslynAnalysisRunner will not be running.
RoslynAnalysisRunner has terminated.
Mono: successfully reloaded assembly
- Completed reload, in  0.762 seconds
Platform modules already initialized, skipping
Refreshing native plugins compatible for Editor in 0.51 ms, found 4 plugins.
Preloading 0 native plugins for Editor in 0.00 ms.
Unloading 2085 Unused Serialized files (Serialized files now loaded: 0)
System memory in use before: 98.3 MB.
System memory in use after: 97.7 MB.

Unloading 40 unused Assets to reduce memory usage. Loaded Objects now: 2616.
Total: 2.303100 ms (FindLiveObjects: 0.237600 ms CreateObjectMapping: 0.073700 ms MarkObjects: 1.697700 ms  DeleteObjects: 0.293300 ms)

========================================================================
Received Prepare
Registering precompiled user dll's ...
Registered in 0.001695 seconds.
Begin MonoManager ReloadAssembly
Native extension for WindowsStandalone target not found
Refreshing native plugins compatible for Editor in 0.52 ms, found 4 plugins.
Preloading 0 native plugins for Editor in 0.00 ms.
Invoked RoslynAnalysisRunner static constructor.
RoslynAnalysisRunner will not be running.
RoslynAnalysisRunner has terminated.
Mono: successfully reloaded assembly
- Completed reload, in  0.795 seconds
Platform modules already initialized, skipping
Refreshing native plugins compatible for Editor in 0.53 ms, found 4 plugins.
Preloading 0 native plugins for Editor in 0.00 ms.
Unloading 2085 Unused Serialized files (Serialized files now loaded: 0)
System memory in use before: 98.3 MB.
System memory in use after: 97.7 MB.

Unloading 40 unused Assets to reduce memory usage. Loaded Objects now: 2620.
Total: 2.661900 ms (FindLiveObjects: 0.229300 ms CreateObjectMapping: 0.070700 ms MarkObjects: 2.013200 ms  DeleteObjects: 0.347900 ms)

========================================================================
Received Import Request.
  Time since last request: 712.277273 seconds.
  path: Assets/TextMesh Pro/Examples & Extras/Fonts/Oswald-Bold.ttf
  artifactKey: Guid(c9f6d0e7bc8541498c9a4799ba184ede) Importer(815301076,1909f56bfc062723c751e8b465ee728b)
Start importing Assets/TextMesh Pro/Examples & Extras/Fonts/Oswald-Bold.ttf using Guid(c9f6d0e7bc8541498c9a4799ba184ede) Importer(815301076,1909f56bfc062723c751e8b465ee728b)  -> (artifact id: '40b8404154d13a198bdaf79bd090aa56') in 0.079745 seconds
  Import took 0.083253 seconds .

========================================================================
Received Import Request.
  Time since last request: 0.000299 seconds.
  path: Assets/TextMesh Pro/Examples & Extras/Fonts/Roboto-Bold.ttf
  artifactKey: Guid(4beb055f07aaff244873dec698d0363e) Importer(815301076,1909f56bfc062723c751e8b465ee728b)
Start importing Assets/TextMesh Pro/Examples & Extras/Fonts/Roboto-Bold.ttf using Guid(4beb055f07aaff244873dec698d0363e) Importer(815301076,1909f56bfc062723c751e8b465ee728b)  -> (artifact id: '124013b23e25e46f3fcb6c1e700b2bef') in 0.007947 seconds
  Import took 0.010901 seconds .

========================================================================
Received Import Request.
  Time since last request: 0.000267 seconds.
  path: Assets/TextMesh Pro/Examples & Extras/Fonts/Oswald-Bold.ttf
  artifactKey: Guid(c9f6d0e7bc8541498c9a4799ba184ede) Importer(815301076,1909f56bfc062723c751e8b465ee728b)
Start importing Assets/TextMesh Pro/Examples & Extras/Fonts/Oswald-Bold.ttf using Guid(c9f6d0e7bc8541498c9a4799ba184ede) Importer(815301076,1909f56bfc062723c751e8b465ee728b)  -> (artifact id: '40b8404154d13a198bdaf79bd090aa56') in 0.008634 seconds
  Import took 0.011839 seconds .

========================================================================
Received Import Request.
  Time since last request: 0.011498 seconds.
  path: Assets/TextMesh Pro/Examples & Extras/Fonts/Roboto-Bold.ttf
  artifactKey: Guid(4beb055f07aaff244873dec698d0363e) Importer(815301076,1909f56bfc062723c751e8b465ee728b)
Start importing Assets/TextMesh Pro/Examples & Extras/Fonts/Roboto-Bold.ttf using Guid(4beb055f07aaff244873dec698d0363e) Importer(815301076,1909f56bfc062723c751e8b465ee728b)  -> (artifact id: '124013b23e25e46f3fcb6c1e700b2bef') in 0.008122 seconds
  Import took 0.011529 seconds .

========================================================================
Received Prepare
Registering precompiled user dll's ...
Registered in 0.001601 seconds.
Begin MonoManager ReloadAssembly
Native extension for WindowsStandalone target not found
Refreshing native plugins compatible for Editor in 0.52 ms, found 4 plugins.
Preloading 0 native plugins for Editor in 0.00 ms.
Invoked RoslynAnalysisRunner static constructor.
RoslynAnalysisRunner will not be running.
RoslynAnalysisRunner has terminated.
Mono: successfully reloaded assembly
- Completed reload, in  0.788 seconds
Platform modules already initialized, skipping
Refreshing native plugins compatible for Editor in 0.53 ms, found 4 plugins.
Preloading 0 native plugins for Editor in 0.00 ms.
Unloading 2085 Unused Serialized files (Serialized files now loaded: 0)
System memory in use before: 98.4 MB.
System memory in use after: 97.8 MB.

Unloading 40 unused Assets to reduce memory usage. Loaded Objects now: 2629.
Total: 2.105100 ms (FindLiveObjects: 0.201200 ms CreateObjectMapping: 0.064500 ms MarkObjects: 1.540900 ms  DeleteObjects: 0.297600 ms)

========================================================================
Received Import Request.
  Time since last request: 267.930894 seconds.
  path: Assets/EndTrig.cs
  artifactKey: Guid(76abef93829a1a6469afedbc1a307440) Importer(815301076,1909f56bfc062723c751e8b465ee728b)
Start importing Assets/EndTrig.cs using Guid(76abef93829a1a6469afedbc1a307440) Importer(815301076,1909f56bfc062723c751e8b465ee728b)  -> (artifact id: '308c95324cf99f1e6696c3f4543889c6') in 0.003988 seconds
  Import took 0.007253 seconds .

========================================================================
Received Import Request.
  Time since last request: 19.405079 seconds.
  path: Assets/ChangeScene.cs
  artifactKey: Guid(f2c6f278e005d4345b3a11bd7d9bfea3) Importer(815301076,1909f56bfc062723c751e8b465ee728b)
Start importing Assets/ChangeScene.cs using Guid(f2c6f278e005d4345b3a11bd7d9bfea3) Importer(815301076,1909f56bfc062723c751e8b465ee728b)  -> (artifact id: '759214e88055e831399e12ddf5a9fcf5') in 0.001369 seconds
  Import took 0.004448 seconds .

========================================================================
Received Import Request.
  Time since last request: 111.424778 seconds.
  path: Assets/EndTrig.cs
  artifactKey: Guid(76abef93829a1a6469afedbc1a307440) Importer(815301076,1909f56bfc062723c751e8b465ee728b)
Start importing Assets/EndTrig.cs using Guid(76abef93829a1a6469afedbc1a307440) Importer(815301076,1909f56bfc062723c751e8b465ee728b)  -> (artifact id: '8a478f546cf19c63c9ef7b5785c3ebeb') in 0.001340 seconds
  Import took 0.004585 seconds .

========================================================================
Received Prepare
Registering precompiled user dll's ...
Registered in 0.001627 seconds.
Begin MonoManager ReloadAssembly
Native extension for WindowsStandalone target not found
Refreshing native plugins compatible for Editor in 0.50 ms, found 4 plugins.
Preloading 0 native plugins for Editor in 0.00 ms.
Invoked RoslynAnalysisRunner static constructor.
RoslynAnalysisRunner will not be running.
RoslynAnalysisRunner has terminated.
Mono: successfully reloaded assembly
- Completed reload, in  0.767 seconds
Platform modules already initialized, skipping
Refreshing native plugins compatible for Editor in 0.54 ms, found 4 plugins.
Preloading 0 native plugins for Editor in 0.00 ms.
Unloading 2085 Unused Serialized files (Serialized files now loaded: 0)
System memory in use before: 98.4 MB.
System memory in use after: 97.9 MB.

Unloading 40 unused Assets to reduce memory usage. Loaded Objects now: 2633.
Total: 2.644400 ms (FindLiveObjects: 0.253500 ms CreateObjectMapping: 0.076700 ms MarkObjects: 2.004600 ms  DeleteObjects: 0.308700 ms)

========================================================================
Received Import Request.
  Time since last request: 5.642109 seconds.
  path: Assets/TextMesh Pro/Examples & Extras/Prefabs/Text Popup.prefab
  artifactKey: Guid(b06f0e6c1dfa4356ac918da1bb32c603) Importer(815301076,1909f56bfc062723c751e8b465ee728b)
Start importing Assets/TextMesh Pro/Examples & Extras/Prefabs/Text Popup.prefab using Guid(b06f0e6c1dfa4356ac918da1bb32c603) Importer(815301076,1909f56bfc062723c751e8b465ee728b)  -> (artifact id: 'eebda87a929fff7970d3d9c014bcd389') in 0.087588 seconds
  Import took 0.091575 seconds .

========================================================================
Received Import Request.
  Time since last request: 0.000324 seconds.
  path: Assets/TextMesh Pro/Examples & Extras/Prefabs/TextMeshPro - Prefab 2.prefab
  artifactKey: Guid(fdad9d952ae84cafb74c63f2e694d042) Importer(815301076,1909f56bfc062723c751e8b465ee728b)
Start importing Assets/TextMesh Pro/Examples & Extras/Prefabs/TextMeshPro - Prefab 2.prefab using Guid(fdad9d952ae84cafb74c63f2e694d042) Importer(815301076,1909f56bfc062723c751e8b465ee728b)  -> (artifact id: '56c607fb3c1db060d74bd449d7549cd0') in 0.034059 seconds
  Import took 0.037680 seconds .

========================================================================
Received Import Request.
  Time since last request: 0.000305 seconds.
  path: Assets/TextMesh Pro/Examples & Extras/Prefabs/Text Popup.prefab
  artifactKey: Guid(b06f0e6c1dfa4356ac918da1bb32c603) Importer(815301076,1909f56bfc062723c751e8b465ee728b)
Start importing Assets/TextMesh Pro/Examples & Extras/Prefabs/Text Popup.prefab using Guid(b06f0e6c1dfa4356ac918da1bb32c603) Importer(815301076,1909f56bfc062723c751e8b465ee728b)  -> (artifact id: 'eebda87a929fff7970d3d9c014bcd389') in 0.023793 seconds
  Import took 0.027084 seconds .

========================================================================
Received Import Request.
  Time since last request: 0.000286 seconds.
  path: Assets/TextMesh Pro/Examples & Extras/Prefabs/TextMeshPro - Prefab 1.prefab
  artifactKey: Guid(a6e39ced0ea046bcb636c3f0b2e2a745) Importer(815301076,1909f56bfc062723c751e8b465ee728b)
Start importing Assets/TextMesh Pro/Examples & Extras/Prefabs/TextMeshPro - Prefab 1.prefab using Guid(a6e39ced0ea046bcb636c3f0b2e2a745) Importer(815301076,1909f56bfc062723c751e8b465ee728b)  -> (artifact id: 'a4f85a924e5c7eb244b8fd7fbfb15ad6') in 0.026617 seconds
  Import took 0.030086 seconds .

========================================================================
Received Import Request.
  Time since last request: 25.402923 seconds.
  path: Assets/Scenes/SampleScene.unity
  artifactKey: Guid(9fc0d4010bbf28b4594072e72b8655ab) Importer(815301076,1909f56bfc062723c751e8b465ee728b)
Start importing Assets/Scenes/SampleScene.unity using Guid(9fc0d4010bbf28b4594072e72b8655ab) Importer(815301076,1909f56bfc062723c751e8b465ee728b)  -> (artifact id: '953bb5b48bda7e6bee6129ab09a0d82c') in 0.002336 seconds
  Import took 0.006016 seconds .

========================================================================
Received Import Request.
  Time since last request: 35.832265 seconds.
  path: Assets/Panel.prefab
  artifactKey: Guid(8e9d4ac040b342e4ab05c6824caac83e) Importer(815301076,1909f56bfc062723c751e8b465ee728b)
Start importing Assets/Panel.prefab using Guid(8e9d4ac040b342e4ab05c6824caac83e) Importer(815301076,1909f56bfc062723c751e8b465ee728b)  -> (artifact id: 'dfba0f3a0bcebf210954a106a56d2f97') in 0.007131 seconds
  Import took 0.010746 seconds .

========================================================================
Received Import Request.
  Time since last request: 5.388427 seconds.
  path: Assets/EndTrig.cs
  artifactKey: Guid(76abef93829a1a6469afedbc1a307440) Importer(815301076,1909f56bfc062723c751e8b465ee728b)
Start importing Assets/EndTrig.cs using Guid(76abef93829a1a6469afedbc1a307440) Importer(815301076,1909f56bfc062723c751e8b465ee728b)  -> (artifact id: '80a8405d80cbe9a64ea4bb0f4b3f7fcb') in 0.001462 seconds
  Import took 0.005041 seconds .

========================================================================
Received Prepare
Registering precompiled user dll's ...
Registered in 0.001552 seconds.
Begin MonoManager ReloadAssembly
Native extension for WindowsStandalone target not found
Refreshing native plugins compatible for Editor in 0.51 ms, found 4 plugins.
Preloading 0 native plugins for Editor in 0.00 ms.
Invoked RoslynAnalysisRunner static constructor.
RoslynAnalysisRunner will not be running.
RoslynAnalysisRunner has terminated.
Mono: successfully reloaded assembly
- Completed reload, in  0.778 seconds
Platform modules already initialized, skipping
Refreshing native plugins compatible for Editor in 0.52 ms, found 4 plugins.
Preloading 0 native plugins for Editor in 0.00 ms.
Unloading 2085 Unused Serialized files (Serialized files now loaded: 0)
System memory in use before: 98.4 MB.
System memory in use after: 97.9 MB.

Unloading 41 unused Assets to reduce memory usage. Loaded Objects now: 2637.
Total: 2.419100 ms (FindLiveObjects: 0.236400 ms CreateObjectMapping: 0.086800 ms MarkObjects: 1.782500 ms  DeleteObjects: 0.312500 ms)

========================================================================
Received Prepare
Registering precompiled user dll's ...
Registered in 0.001607 seconds.
Begin MonoManager ReloadAssembly
Native extension for WindowsStandalone target not found
Refreshing native plugins compatible for Editor in 0.52 ms, found 4 plugins.
Preloading 0 native plugins for Editor in 0.00 ms.
Invoked RoslynAnalysisRunner static constructor.
RoslynAnalysisRunner will not be running.
RoslynAnalysisRunner has terminated.
Mono: successfully reloaded assembly
- Completed reload, in  0.773 seconds
Platform modules already initialized, skipping
Refreshing native plugins compatible for Editor in 0.51 ms, found 4 plugins.
Preloading 0 native plugins for Editor in 0.00 ms.
Unloading 2085 Unused Serialized files (Serialized files now loaded: 0)
System memory in use before: 98.4 MB.
System memory in use after: 97.9 MB.

Unloading 40 unused Assets to reduce memory usage. Loaded Objects now: 2641.
Total: 2.277800 ms (FindLiveObjects: 0.206200 ms CreateObjectMapping: 0.078500 ms MarkObjects: 1.690500 ms  DeleteObjects: 0.301500 ms)

========================================================================
Received Prepare
Registering precompiled user dll's ...
Registered in 0.001619 seconds.
Begin MonoManager ReloadAssembly
Native extension for WindowsStandalone target not found
Refreshing native plugins compatible for Editor in 0.52 ms, found 4 plugins.
Preloading 0 native plugins for Editor in 0.00 ms.
Invoked RoslynAnalysisRunner static constructor.
RoslynAnalysisRunner will not be running.
RoslynAnalysisRunner has terminated.
Mono: successfully reloaded assembly
- Completed reload, in  0.763 seconds
Platform modules already initialized, skipping
Refreshing native plugins compatible for Editor in 0.55 ms, found 4 plugins.
Preloading 0 native plugins for Editor in 0.00 ms.
Unloading 2085 Unused Serialized files (Serialized files now loaded: 0)
System memory in use before: 98.4 MB.
System memory in use after: 97.9 MB.

Unloading 40 unused Assets to reduce memory usage. Loaded Objects now: 2645.
Total: 2.387800 ms (FindLiveObjects: 0.217900 ms CreateObjectMapping: 0.076700 ms MarkObjects: 1.777800 ms  DeleteObjects: 0.314400 ms)

========================================================================
Received Prepare
Registering precompiled user dll's ...
Registered in 0.001612 seconds.
Begin MonoManager ReloadAssembly
Native extension for WindowsStandalone target not found
Refreshing native plugins compatible for Editor in 0.53 ms, found 4 plugins.
Preloading 0 native plugins for Editor in 0.00 ms.
Invoked RoslynAnalysisRunner static constructor.
RoslynAnalysisRunner will not be running.
RoslynAnalysisRunner has terminated.
Mono: successfully reloaded assembly
- Completed reload, in  0.766 seconds
Platform modules already initialized, skipping
Refreshing native plugins compatible for Editor in 0.52 ms, found 4 plugins.
Preloading 0 native plugins for Editor in 0.00 ms.
Unloading 2085 Unused Serialized files (Serialized files now loaded: 0)
System memory in use before: 98.5 MB.
System memory in use after: 97.9 MB.

Unloading 40 unused Assets to reduce memory usage. Loaded Objects now: 2649.
Total: 2.245800 ms (FindLiveObjects: 0.206800 ms CreateObjectMapping: 0.084100 ms MarkObjects: 1.613200 ms  DeleteObjects: 0.341000 ms)

========================================================================
Received Prepare
Registering precompiled user dll's ...
Registered in 0.001598 seconds.
Begin MonoManager ReloadAssembly
Native extension for WindowsStandalone target not found
Refreshing native plugins compatible for Editor in 0.52 ms, found 4 plugins.
Preloading 0 native plugins for Editor in 0.00 ms.
Invoked RoslynAnalysisRunner static constructor.
RoslynAnalysisRunner will not be running.
RoslynAnalysisRunner has terminated.
Mono: successfully reloaded assembly
- Completed reload, in  0.753 seconds
Platform modules already initialized, skipping
Refreshing native plugins compatible for Editor in 0.55 ms, found 4 plugins.
Preloading 0 native plugins for Editor in 0.00 ms.
Unloading 2085 Unused Serialized files (Serialized files now loaded: 0)
System memory in use before: 98.5 MB.
System memory in use after: 97.9 MB.

Unloading 40 unused Assets to reduce memory usage. Loaded Objects now: 2653.
Total: 2.490600 ms (FindLiveObjects: 0.254400 ms CreateObjectMapping: 0.087500 ms MarkObjects: 1.803600 ms  DeleteObjects: 0.344200 ms)

========================================================================
Received Prepare
Registering precompiled user dll's ...
Registered in 0.002460 seconds.
Begin MonoManager ReloadAssembly
Native extension for WindowsStandalone target not found
Refreshing native plugins compatible for Editor in 0.53 ms, found 4 plugins.
Preloading 0 native plugins for Editor in 0.00 ms.
Invoked RoslynAnalysisRunner static constructor.
RoslynAnalysisRunner will not be running.
RoslynAnalysisRunner has terminated.
Mono: successfully reloaded assembly
- Completed reload, in  0.793 seconds
Platform modules already initialized, skipping
Refreshing native plugins compatible for Editor in 0.52 ms, found 4 plugins.
Preloading 0 native plugins for Editor in 0.00 ms.
Unloading 2085 Unused Serialized files (Serialized files now loaded: 0)
System memory in use before: 98.5 MB.
System memory in use after: 98.0 MB.

Unloading 40 unused Assets to reduce memory usage. Loaded Objects now: 2657.
Total: 2.299500 ms (FindLiveObjects: 0.249600 ms CreateObjectMapping: 0.098400 ms MarkObjects: 1.635100 ms  DeleteObjects: 0.315300 ms)

========================================================================
Received Prepare
Registering precompiled user dll's ...
Registered in 0.001725 seconds.
Begin MonoManager ReloadAssembly
Native extension for WindowsStandalone target not found
Refreshing native plugins compatible for Editor in 0.56 ms, found 4 plugins.
Preloading 0 native plugins for Editor in 0.00 ms.
Invoked RoslynAnalysisRunner static constructor.
RoslynAnalysisRunner will not be running.
RoslynAnalysisRunner has terminated.
Mono: successfully reloaded assembly
- Completed reload, in  0.798 seconds
Platform modules already initialized, skipping
Refreshing native plugins compatible for Editor in 0.52 ms, found 4 plugins.
Preloading 0 native plugins for Editor in 0.00 ms.
Unloading 2085 Unused Serialized files (Serialized files now loaded: 0)
System memory in use before: 98.5 MB.
System memory in use after: 98.0 MB.

Unloading 40 unused Assets to reduce memory usage. Loaded Objects now: 2661.
Total: 2.382200 ms (FindLiveObjects: 0.224800 ms CreateObjectMapping: 0.071700 ms MarkObjects: 1.774600 ms  DeleteObjects: 0.310200 ms)

========================================================================
Received Prepare
Registering precompiled user dll's ...
Registered in 0.001643 seconds.
Begin MonoManager ReloadAssembly
Native extension for WindowsStandalone target not found
Refreshing native plugins compatible for Editor in 0.56 ms, found 4 plugins.
Preloading 0 native plugins for Editor in 0.00 ms.
Invoked RoslynAnalysisRunner static constructor.
RoslynAnalysisRunner will not be running.
RoslynAnalysisRunner has terminated.
Mono: successfully reloaded assembly
- Completed reload, in  0.839 seconds
Platform modules already initialized, skipping
Refreshing native plugins compatible for Editor in 0.76 ms, found 4 plugins.
Preloading 0 native plugins for Editor in 0.00 ms.
Unloading 2085 Unused Serialized files (Serialized files now loaded: 0)
System memory in use before: 98.5 MB.
System memory in use after: 98.0 MB.

Unloading 40 unused Assets to reduce memory usage. Loaded Objects now: 2665.
Total: 2.747000 ms (FindLiveObjects: 0.423800 ms CreateObjectMapping: 0.115200 ms MarkObjects: 1.852600 ms  DeleteObjects: 0.353300 ms)

========================================================================
Received Import Request.
  Time since last request: 389.557675 seconds.
  path: Assets/Panel.prefab
  artifactKey: Guid(8e9d4ac040b342e4ab05c6824caac83e) Importer(815301076,1909f56bfc062723c751e8b465ee728b)
Start importing Assets/Panel.prefab using Guid(8e9d4ac040b342e4ab05c6824caac83e) Importer(815301076,1909f56bfc062723c751e8b465ee728b)  -> (artifact id: 'bae46cb14a20726e5e64a17cffef8f8d') in 0.032784 seconds
  Import took 0.036730 seconds .

========================================================================
Received Import Request.
  Time since last request: 0.005641 seconds.
  path: Assets/Panel.prefab
  artifactKey: Guid(8e9d4ac040b342e4ab05c6824caac83e) Importer(815301076,1909f56bfc062723c751e8b465ee728b)
Start importing Assets/Panel.prefab using Guid(8e9d4ac040b342e4ab05c6824caac83e) Importer(815301076,1909f56bfc062723c751e8b465ee728b)  -> (artifact id: 'bae46cb14a20726e5e64a17cffef8f8d') in 0.004280 seconds
  Import took 0.008099 seconds .

========================================================================
Received Import Request.
  Time since last request: 16.472552 seconds.
  path: Assets/Panel.prefab
  artifactKey: Guid(8e9d4ac040b342e4ab05c6824caac83e) Importer(815301076,1909f56bfc062723c751e8b465ee728b)
Start importing Assets/Panel.prefab using Guid(8e9d4ac040b342e4ab05c6824caac83e) Importer(815301076,1909f56bfc062723c751e8b465ee728b)  -> (artifact id: '51f2eb867f94218c0eb91cb5ece532aa') in 0.006175 seconds
  Import took 0.010478 seconds .

========================================================================
Received Prepare
Registering precompiled user dll's ...
Registered in 0.001691 seconds.
Begin MonoManager ReloadAssembly
Native extension for WindowsStandalone target not found
Refreshing native plugins compatible for Editor in 0.78 ms, found 4 plugins.
Preloading 0 native plugins for Editor in 0.00 ms.
Invoked RoslynAnalysisRunner static constructor.
RoslynAnalysisRunner will not be running.
RoslynAnalysisRunner has terminated.
Mono: successfully reloaded assembly
- Completed reload, in  0.758 seconds
Platform modules already initialized, skipping
Refreshing native plugins compatible for Editor in 0.54 ms, found 4 plugins.
Preloading 0 native plugins for Editor in 0.00 ms.
Unloading 2085 Unused Serialized files (Serialized files now loaded: 0)
System memory in use before: 98.5 MB.
System memory in use after: 97.9 MB.

Unloading 40 unused Assets to reduce memory usage. Loaded Objects now: 2669.
Total: 2.525300 ms (FindLiveObjects: 0.225300 ms CreateObjectMapping: 0.076100 ms MarkObjects: 1.874600 ms  DeleteObjects: 0.348400 ms)

========================================================================
Received Prepare
Registering precompiled user dll's ...
Registered in 0.001591 seconds.
Begin MonoManager ReloadAssembly
Native extension for WindowsStandalone target not found
Refreshing native plugins compatible for Editor in 0.84 ms, found 4 plugins.
Preloading 0 native plugins for Editor in 0.00 ms.
Invoked RoslynAnalysisRunner static constructor.
RoslynAnalysisRunner will not be running.
RoslynAnalysisRunner has terminated.
Mono: successfully reloaded assembly
- Completed reload, in  0.795 seconds
Platform modules already initialized, skipping
Refreshing native plugins compatible for Editor in 0.55 ms, found 4 plugins.
Preloading 0 native plugins for Editor in 0.00 ms.
Unloading 2085 Unused Serialized files (Serialized files now loaded: 0)
System memory in use before: 98.5 MB.
System memory in use after: 98.0 MB.

Unloading 40 unused Assets to reduce memory usage. Loaded Objects now: 2673.
Total: 2.719800 ms (FindLiveObjects: 0.310000 ms CreateObjectMapping: 0.107500 ms MarkObjects: 1.936600 ms  DeleteObjects: 0.348700 ms)

========================================================================
Received Prepare
Registering precompiled user dll's ...
Registered in 0.001632 seconds.
Begin MonoManager ReloadAssembly
Native extension for WindowsStandalone target not found
Refreshing native plugins compatible for Editor in 0.62 ms, found 4 plugins.
Preloading 0 native plugins for Editor in 0.00 ms.
Invoked RoslynAnalysisRunner static constructor.
RoslynAnalysisRunner will not be running.
RoslynAnalysisRunner has terminated.
Mono: successfully reloaded assembly
- Completed reload, in  0.762 seconds
Platform modules already initialized, skipping
Refreshing native plugins compatible for Editor in 0.54 ms, found 4 plugins.
Preloading 0 native plugins for Editor in 0.00 ms.
Unloading 2085 Unused Serialized files (Serialized files now loaded: 0)
System memory in use before: 98.5 MB.
System memory in use after: 98.0 MB.

Unloading 40 unused Assets to reduce memory usage. Loaded Objects now: 2677.
Total: 2.503100 ms (FindLiveObjects: 0.286200 ms CreateObjectMapping: 0.073700 ms MarkObjects: 1.782500 ms  DeleteObjects: 0.359800 ms)

========================================================================
Received Prepare
Registering precompiled user dll's ...
Registered in 0.001618 seconds.
Begin MonoManager ReloadAssembly
Native extension for WindowsStandalone target not found
Refreshing native plugins compatible for Editor in 0.51 ms, found 4 plugins.
Preloading 0 native plugins for Editor in 0.00 ms.
Invoked RoslynAnalysisRunner static constructor.
RoslynAnalysisRunner will not be running.
RoslynAnalysisRunner has terminated.
Mono: successfully reloaded assembly
- Completed reload, in  0.771 seconds
Platform modules already initialized, skipping
Refreshing native plugins compatible for Editor in 0.53 ms, found 4 plugins.
Preloading 0 native plugins for Editor in 0.00 ms.
Unloading 2085 Unused Serialized files (Serialized files now loaded: 0)
System memory in use before: 98.5 MB.
System memory in use after: 98.0 MB.

Unloading 40 unused Assets to reduce memory usage. Loaded Objects now: 2681.
Total: 2.410200 ms (FindLiveObjects: 0.225600 ms CreateObjectMapping: 0.084300 ms MarkObjects: 1.779000 ms  DeleteObjects: 0.319900 ms)

========================================================================
Received Prepare
Registering precompiled user dll's ...
Registered in 0.001629 seconds.
Begin MonoManager ReloadAssembly
Native extension for WindowsStandalone target not found
Refreshing native plugins compatible for Editor in 0.57 ms, found 4 plugins.
Preloading 0 native plugins for Editor in 0.00 ms.
Invoked RoslynAnalysisRunner static constructor.
RoslynAnalysisRunner will not be running.
RoslynAnalysisRunner has terminated.
Mono: successfully reloaded assembly
- Completed reload, in  0.766 seconds
Platform modules already initialized, skipping
Refreshing native plugins compatible for Editor in 0.54 ms, found 4 plugins.
Preloading 0 native plugins for Editor in 0.00 ms.
Unloading 2085 Unused Serialized files (Serialized files now loaded: 0)
System memory in use before: 98.5 MB.
System memory in use after: 98.0 MB.

Unloading 40 unused Assets to reduce memory usage. Loaded Objects now: 2685.
Total: 2.532900 ms (FindLiveObjects: 0.256000 ms CreateObjectMapping: 0.085500 ms MarkObjects: 1.825600 ms  DeleteObjects: 0.364700 ms)

========================================================================
Received Prepare
Registering precompiled user dll's ...
Registered in 0.001548 seconds.
Begin MonoManager ReloadAssembly
Native extension for WindowsStandalone target not found
Refreshing native plugins compatible for Editor in 0.52 ms, found 4 plugins.
Preloading 0 native plugins for Editor in 0.00 ms.
Invoked RoslynAnalysisRunner static constructor.
RoslynAnalysisRunner will not be running.
RoslynAnalysisRunner has terminated.
Mono: successfully reloaded assembly
- Completed reload, in  0.782 seconds
Platform modules already initialized, skipping
Refreshing native plugins compatible for Editor in 0.52 ms, found 4 plugins.
Preloading 0 native plugins for Editor in 0.00 ms.
Unloading 2085 Unused Serialized files (Serialized files now loaded: 0)
System memory in use before: 98.6 MB.
System memory in use after: 98.1 MB.

Unloading 40 unused Assets to reduce memory usage. Loaded Objects now: 2689.
Total: 2.342600 ms (FindLiveObjects: 0.265200 ms CreateObjectMapping: 0.073800 ms MarkObjects: 1.705600 ms  DeleteObjects: 0.297300 ms)

========================================================================
Received Prepare
Registering precompiled user dll's ...
Registered in 0.001593 seconds.
Begin MonoManager ReloadAssembly
Native extension for WindowsStandalone target not found
Refreshing native plugins compatible for Editor in 0.50 ms, found 4 plugins.
Preloading 0 native plugins for Editor in 0.00 ms.
Invoked RoslynAnalysisRunner static constructor.
RoslynAnalysisRunner will not be running.
RoslynAnalysisRunner has terminated.
Mono: successfully reloaded assembly
- Completed reload, in  0.777 seconds
Platform modules already initialized, skipping
Refreshing native plugins compatible for Editor in 0.53 ms, found 4 plugins.
Preloading 0 native plugins for Editor in 0.00 ms.
Unloading 2085 Unused Serialized files (Serialized files now loaded: 0)
System memory in use before: 98.7 MB.
System memory in use after: 98.1 MB.

Unloading 40 unused Assets to reduce memory usage. Loaded Objects now: 2693.
Total: 2.411400 ms (FindLiveObjects: 0.227200 ms CreateObjectMapping: 0.083000 ms MarkObjects: 1.787800 ms  DeleteObjects: 0.312600 ms)

========================================================================
Received Prepare
Registering precompiled user dll's ...
Registered in 0.001605 seconds.
Begin MonoManager ReloadAssembly
Native extension for WindowsStandalone target not found
Refreshing native plugins compatible for Editor in 0.53 ms, found 4 plugins.
Preloading 0 native plugins for Editor in 0.00 ms.
Invoked RoslynAnalysisRunner static constructor.
RoslynAnalysisRunner will not be running.
RoslynAnalysisRunner has terminated.
Mono: successfully reloaded assembly
- Completed reload, in  0.769 seconds
Platform modules already initialized, skipping
Refreshing native plugins compatible for Editor in 0.56 ms, found 4 plugins.
Preloading 0 native plugins for Editor in 0.00 ms.
Unloading 2085 Unused Serialized files (Serialized files now loaded: 0)
System memory in use before: 98.7 MB.
System memory in use after: 98.2 MB.

Unloading 40 unused Assets to reduce memory usage. Loaded Objects now: 2697.
Total: 2.392300 ms (FindLiveObjects: 0.252600 ms CreateObjectMapping: 0.105000 ms MarkObjects: 1.684700 ms  DeleteObjects: 0.349100 ms)

========================================================================
Received Prepare
Registering precompiled user dll's ...
Registered in 0.001598 seconds.
Begin MonoManager ReloadAssembly
Native extension for WindowsStandalone target not found
Refreshing native plugins compatible for Editor in 0.52 ms, found 4 plugins.
Preloading 0 native plugins for Editor in 0.00 ms.
Invoked RoslynAnalysisRunner static constructor.
RoslynAnalysisRunner will not be running.
RoslynAnalysisRunner has terminated.
Mono: successfully reloaded assembly
- Completed reload, in  0.780 seconds
Platform modules already initialized, skipping
Refreshing native plugins compatible for Editor in 0.52 ms, found 4 plugins.
Preloading 0 native plugins for Editor in 0.00 ms.
Unloading 2085 Unused Serialized files (Serialized files now loaded: 0)
System memory in use before: 98.7 MB.
System memory in use after: 98.2 MB.

Unloading 40 unused Assets to reduce memory usage. Loaded Objects now: 2701.
Total: 2.313200 ms (FindLiveObjects: 0.227600 ms CreateObjectMapping: 0.086500 ms MarkObjects: 1.655600 ms  DeleteObjects: 0.342800 ms)

========================================================================
Received Prepare
Registering precompiled user dll's ...
Registered in 0.001868 seconds.
Begin MonoManager ReloadAssembly
Native extension for WindowsStandalone target not found
Refreshing native plugins compatible for Editor in 0.51 ms, found 4 plugins.
Preloading 0 native plugins for Editor in 0.00 ms.
Invoked RoslynAnalysisRunner static constructor.
RoslynAnalysisRunner will not be running.
RoslynAnalysisRunner has terminated.
Mono: successfully reloaded assembly
- Completed reload, in  0.768 seconds
Platform modules already initialized, skipping
Refreshing native plugins compatible for Editor in 0.52 ms, found 4 plugins.
Preloading 0 native plugins for Editor in 0.00 ms.
Unloading 2085 Unused Serialized files (Serialized files now loaded: 0)
System memory in use before: 98.7 MB.
System memory in use after: 98.2 MB.

Unloading 40 unused Assets to reduce memory usage. Loaded Objects now: 2705.
Total: 2.356800 ms (FindLiveObjects: 0.227300 ms CreateObjectMapping: 0.077700 ms MarkObjects: 1.754700 ms  DeleteObjects: 0.296200 ms)

AssetImportWorkerClient::OnTransportError - code=2 error=End of file
